c:\users\quarter\source\repos\mimoconcurrentlinkedqueue\mimoconcurrentlinkedqueue\x64\release\vc141.pdb
c:\users\quarter\source\repos\mimoconcurrentlinkedqueue\mimoconcurrentlinkedqueue\x64\release\well512.obj
c:\users\quarter\source\repos\mimoconcurrentlinkedqueue\mimoconcurrentlinkedqueue\x64\release\testbase.obj
c:\users\quarter\source\repos\mimoconcurrentlinkedqueue\mimoconcurrentlinkedqueue\x64\release\mimolinkedqueue_ori.obj
c:\users\quarter\source\repos\mimoconcurrentlinkedqueue\mimoconcurrentlinkedqueue\x64\release\mimolinkedqueuetest.obj
c:\users\quarter\source\repos\mimoconcurrentlinkedqueue\mimoconcurrentlinkedqueue\x64\release\mimolinkedqueue_er.obj
c:\users\quarter\source\repos\mimoconcurrentlinkedqueue\mimoconcurrentlinkedqueue\x64\release\main.obj
c:\users\quarter\source\repos\mimoconcurrentlinkedqueue\mimoconcurrentlinkedqueue\x64\release\lockfreesharedpointer.obj
c:\users\quarter\source\repos\mimoconcurrentlinkedqueue\mimoconcurrentlinkedqueue\x64\release\hazardpointer.obj
c:\users\quarter\source\repos\mimoconcurrentlinkedqueue\x64\release\mimoconcurrentlinkedqueue.exe
c:\users\quarter\source\repos\mimoconcurrentlinkedqueue\x64\release\mimoconcurrentlinkedqueue.pdb
c:\users\quarter\source\repos\mimoconcurrentlinkedqueue\x64\release\mimoconcurrentlinkedqueue.ipdb
c:\users\quarter\source\repos\mimoconcurrentlinkedqueue\x64\release\mimoconcurrentlinkedqueue.iobj
c:\users\quarter\source\repos\mimoconcurrentlinkedqueue\mimoconcurrentlinkedqueue\x64\release\mimoconc.d4cd15c5.tlog\cl.command.1.tlog
c:\users\quarter\source\repos\mimoconcurrentlinkedqueue\mimoconcurrentlinkedqueue\x64\release\mimoconc.d4cd15c5.tlog\cl.read.1.tlog
c:\users\quarter\source\repos\mimoconcurrentlinkedqueue\mimoconcurrentlinkedqueue\x64\release\mimoconc.d4cd15c5.tlog\cl.write.1.tlog
c:\users\quarter\source\repos\mimoconcurrentlinkedqueue\mimoconcurrentlinkedqueue\x64\release\mimoconc.d4cd15c5.tlog\link.command.1.tlog
c:\users\quarter\source\repos\mimoconcurrentlinkedqueue\mimoconcurrentlinkedqueue\x64\release\mimoconc.d4cd15c5.tlog\link.read.1.tlog
c:\users\quarter\source\repos\mimoconcurrentlinkedqueue\mimoconcurrentlinkedqueue\x64\release\mimoconc.d4cd15c5.tlog\link.write.1.tlog
c:\users\quarter\source\repos\mimoconcurrentlinkedqueue\mimoconcurrentlinkedqueue\x64\release\mimoconc.d4cd15c5.tlog\mimoconcurrentlinkedqueue.write.1u.tlog
